0 info it worked if it ends with ok
1 verbose cli [ 'node',
1 verbose cli   '/usr/local/bin/npm',
1 verbose cli   'install',
1 verbose cli   'https://github.com/evanx/component-validator.git#0.1.1' ]
2 info using npm@3.8.3
3 info using node@v0.12.7
4 silly loadCurrentTree Starting
5 silly install loadCurrentTree
6 silly install readLocalPackageData
7 silly fetchPackageMetaData https://github.com/evanx/component-validator.git#0.1.1
8 silly fetchOtherPackageData https://github.com/evanx/component-validator.git#0.1.1
9 silly cache add args [ 'https://github.com/evanx/component-validator.git#0.1.1',
9 silly cache add   null ]
10 verbose cache add spec https://github.com/evanx/component-validator.git#0.1.1
11 silly cache add parsed spec { raw: 'https://github.com/evanx/component-validator.git#0.1.1',
11 silly cache add   scope: null,
11 silly cache add   name: null,
11 silly cache add   rawSpec: 'https://github.com/evanx/component-validator.git#0.1.1',
11 silly cache add   spec: 'git+https://github.com/evanx/component-validator.git#0.1.1',
11 silly cache add   type: 'hosted',
11 silly cache add   hosted:
11 silly cache add    { type: 'github',
11 silly cache add      ssh: 'git@github.com:evanx/component-validator.git#0.1.1',
11 silly cache add      sshUrl: 'git+ssh://git@github.com/evanx/component-validator.git#0.1.1',
11 silly cache add      httpsUrl: 'git+https://github.com/evanx/component-validator.git#0.1.1',
11 silly cache add      gitUrl: 'git://github.com/evanx/component-validator.git#0.1.1',
11 silly cache add      shortcut: 'github:evanx/component-validator#0.1.1',
11 silly cache add      directUrl: 'https://raw.githubusercontent.com/evanx/component-validator/0.1.1/package.json' } }
12 verbose addRemoteGit caching https://github.com/evanx/component-validator.git#0.1.1
13 verbose addRemoteGit git+https://github.com/evanx/component-validator.git#0.1.1 is a repository hosted by github
14 silly tryClone cloning git+https://github.com/evanx/component-validator.git#0.1.1 via git+https://github.com/evanx/component-validator.git#0.1.1
15 verbose tryClone git-https-github-com-evanx-component-validator-git-0-1-1-dfe8e105 not in flight; caching
16 verbose correctMkdir /home/evans/.npm/_git-remotes correctMkdir not in flight; initializing
17 info git [ 'clone',
17 info git   '--template=/home/evans/.npm/_git-remotes/_templates',
17 info git   '--mirror',
17 info git   'https://github.com/evanx/component-validator.git',
17 info git   '/home/evans/.npm/_git-remotes/git-https-github-com-evanx-component-validator-git-0-1-1-dfe8e105' ]
18 verbose mirrorRemote git+https://github.com/evanx/component-validator.git#0.1.1 git clone https://github.com/evanx/component-validator.git
19 verbose correctMkdir /home/evans/.npm/_git-remotes correctMkdir not in flight; initializing
20 verbose setPermissions git+https://github.com/evanx/component-validator.git#0.1.1 set permissions on /home/evans/.npm/_git-remotes/git-https-github-com-evanx-component-validator-git-0-1-1-dfe8e105
21 verbose resolveHead git+https://github.com/evanx/component-validator.git#0.1.1 original treeish: 0.1.1
22 info git [ 'rev-list', '-n1', '0.1.1' ]
23 silly resolveHead git+https://github.com/evanx/component-validator.git#0.1.1 resolved treeish: f95ba22d5d3ec285db57deb3871d37377f1082cd
24 verbose resolveHead git+https://github.com/evanx/component-validator.git#0.1.1 resolved Git URL: git+https://github.com/evanx/component-validator.git#f95ba22d5d3ec285db57deb3871d37377f1082cd
25 silly resolveHead Git working directory: /tmp/npm-1107-67343c48/git-cache-634dd8a8/f95ba22d5d3ec285db57deb3871d37377f1082cd
26 info git [ 'clone',
26 info git   '/home/evans/.npm/_git-remotes/git-https-github-com-evanx-component-validator-git-0-1-1-dfe8e105',
26 info git   '/tmp/npm-1107-67343c48/git-cache-634dd8a8/f95ba22d5d3ec285db57deb3871d37377f1082cd' ]
27 verbose cloneResolved git+https://github.com/evanx/component-validator.git#0.1.1 clone Cloning into '/tmp/npm-1107-67343c48/git-cache-634dd8a8/f95ba22d5d3ec285db57deb3871d37377f1082cd'...
27 verbose cloneResolved done.
28 info git [ 'checkout', 'f95ba22d5d3ec285db57deb3871d37377f1082cd' ]
29 verbose checkoutTreeish git+https://github.com/evanx/component-validator.git#0.1.1 checkout Note: checking out 'f95ba22d5d3ec285db57deb3871d37377f1082cd'.
29 verbose checkoutTreeish
29 verbose checkoutTreeish You are in 'detached HEAD' state. You can look around, make experimental
29 verbose checkoutTreeish changes and commit them, and you can discard any commits you make in this
29 verbose checkoutTreeish state without impacting any branches by performing another checkout.
29 verbose checkoutTreeish
29 verbose checkoutTreeish If you want to create a new branch to retain commits you create, you may
29 verbose checkoutTreeish do so (now or later) by using -b with the checkout command again. Example:
29 verbose checkoutTreeish
29 verbose checkoutTreeish   git checkout -b new_branch_name
29 verbose checkoutTreeish
29 verbose checkoutTreeish HEAD is now at f95ba22... transform
30 info git [ 'submodule', '-q', 'update', '--init', '--recursive' ]
31 verbose updateSubmodules git+https://github.com/evanx/component-validator.git#0.1.1 submodule update
32 verbose addLocalDirectory /home/evans/.npm/component-validator/0.1.0/package.tgz not in flight; packing
33 verbose correctMkdir /home/evans/.npm correctMkdir not in flight; initializing
34 verbose tar pack [ '/home/evans/.npm/component-validator/0.1.0/package.tgz',
34 verbose tar pack   '/tmp/npm-1107-67343c48/git-cache-634dd8a8/f95ba22d5d3ec285db57deb3871d37377f1082cd' ]
35 verbose tarball /home/evans/.npm/component-validator/0.1.0/package.tgz
36 verbose folder /tmp/npm-1107-67343c48/git-cache-634dd8a8/f95ba22d5d3ec285db57deb3871d37377f1082cd
37 verbose addLocalTarball adding from inside cache /home/evans/.npm/component-validator/0.1.0/package.tgz
38 verbose correctMkdir /home/evans/.npm correctMkdir not in flight; initializing
39 verbose addRemoteGit data._from: git+https://github.com/evanx/component-validator.git#0.1.1
40 verbose addRemoteGit data._resolved: git+https://github.com/evanx/component-validator.git#f95ba22d5d3ec285db57deb3871d37377f1082cd
41 silly cache afterAdd component-validator@0.1.0
42 verbose afterAdd /home/evans/.npm/component-validator/0.1.0/package/package.json not in flight; writing
43 verbose correctMkdir /home/evans/.npm correctMkdir not in flight; initializing
44 verbose afterAdd /home/evans/.npm/component-validator/0.1.0/package/package.json written
45 silly install normalizeTree
46 silly loadCurrentTree Finishing
47 silly loadIdealTree Starting
48 silly install loadIdealTree
49 silly cloneCurrentTree Starting
50 silly install cloneCurrentTreeToIdealTree
51 silly cloneCurrentTree Finishing
52 silly loadShrinkwrap Starting
53 silly install loadShrinkwrap
54 silly loadShrinkwrap Finishing
55 silly loadAllDepsIntoIdealTree Starting
56 silly install loadAllDepsIntoIdealTree
57 silly rollbackFailedOptional Starting
58 silly rollbackFailedOptional Finishing
59 silly runTopLevelLifecycles Starting
60 silly runTopLevelLifecycles Finishing
61 silly install printInstalled
62 verbose stack Error: Refusing to install component-validator as a dependency of itself
62 verbose stack     at checkSelf (/usr/local/lib/node_modules/npm/lib/install/validate-args.js:53:14)
62 verbose stack     at Array.<anonymous> (/usr/local/lib/node_modules/npm/node_modules/slide/lib/bind-actor.js:15:8)
62 verbose stack     at LOOP (/usr/local/lib/node_modules/npm/node_modules/slide/lib/chain.js:15:14)
62 verbose stack     at chain (/usr/local/lib/node_modules/npm/node_modules/slide/lib/chain.js:20:5)
62 verbose stack     at /usr/local/lib/node_modules/npm/lib/install/validate-args.js:16:5
62 verbose stack     at /usr/local/lib/node_modules/npm/node_modules/slide/lib/async-map.js:52:35
62 verbose stack     at Array.forEach (native)
62 verbose stack     at /usr/local/lib/node_modules/npm/node_modules/slide/lib/async-map.js:52:11
62 verbose stack     at Array.forEach (native)
62 verbose stack     at asyncMap (/usr/local/lib/node_modules/npm/node_modules/slide/lib/async-map.js:51:8)
63 verbose cwd /home/evans/component-validator
64 error Linux 3.19.0-51-generic
65 error argv "node" "/usr/local/bin/npm" "install" "https://github.com/evanx/component-validator.git#0.1.1"
66 error node v0.12.7
67 error npm  v3.8.3
68 error code ENOSELF
69 error Refusing to install component-validator as a dependency of itself
70 error If you need help, you may report this error at:
70 error     <https://github.com/npm/npm/issues>
71 verbose exit [ 1, true ]
